#
# There is insufficient memory for the Java Runtime Environment to continue.
# Native memory allocation (malloc) failed to allocate 781136 bytes. Error detail: Chunk::new
# Possible reasons:
#   The system is out of physical RAM or swap space
#   This process is running with CompressedOops enabled, and the Java Heap may be blocking the growth of the native heap
# Possible solutions:
#   Reduce memory load on the system
#   Increase physical memory or swap space
#   Check if swap backing store is full
#   Decrease Java heap size (-Xmx/-Xms)
#   Decrease number of Java threads
#   Decrease Java thread stack sizes (-Xss)
#   Set larger code cache with -XX:ReservedCodeCacheSize=
#   JVM is running with Unscaled Compressed Oops mode in which the Java heap is
#     placed in the first 4GB address space. The Java Heap base address is the
#     maximum limit for the native heap growth. Please use -XX:HeapBaseMinAddress
#     to set the Java Heap base and to place the Java Heap above 4GB virtual address.
# This output file may be truncated or incomplete.
#
#  Out of Memory Error (arena.cpp:168), pid=1488, tid=7172
#
# JRE version: OpenJDK Runtime Environment Temurin-21.0.7+6 (21.0.7+6) (build 21.0.7+6-LTS)
# Java VM: OpenJDK 64-Bit Server VM Temurin-21.0.7+6 (21.0.7+6-LTS, mixed mode, sharing, tiered, compressed oops, compressed class ptrs, parallel gc, windows-amd64)
# No core dump will be written. Minidumps are not enabled by default on client versions of Windows
#

---------------  S U M M A R Y ------------

Command Line: --add-modules=ALL-SYSTEM --add-opens=java.base/java.util=ALL-UNNAMED --add-opens=java.base/java.lang=ALL-UNNAMED --add-opens=java.base/sun.nio.fs=ALL-UNNAMED -Declipse.application=org.eclipse.jdt.ls.core.id1 -Dosgi.bundles.defaultStartLevel=4 -Declipse.product=org.eclipse.jdt.ls.core.product -Djava.import.generatesMetadataFilesAtProjectRoot=false -DDetectVMInstallationsJob.disabled=true -Dfile.encoding=utf8 -XX:+UseParallelGC -XX:GCTimeRatio=4 -XX:AdaptiveSizePolicyWeight=90 -Dsun.zip.disableMemoryMapping=true -Xmx2G -Xms100m -Xlog:disable -javaagent:c:\Users\User\.vscode\extensions\redhat.java-1.43.1-win32-x64\lombok\lombok-1.18.39-4050.jar c:\Users\User\.vscode\extensions\redhat.java-1.43.1-win32-x64\server\plugins\org.eclipse.equinox.launcher_1.7.0.v20250519-0528.jar -configuration c:\Users\User\AppData\Roaming\Code\User\globalStorage\redhat.java\1.43.1\config_ss_win -data c:\Users\User\AppData\Roaming\Code\User\workspaceStorage\8afd95045609ca15e4cb13ac2bb6c1ea\redhat.java\ss_ws --pipe=\\.\pipe\lsp-6a17ef220997d7ca175a7accfd599332-sock

Host: 12th Gen Intel(R) Core(TM) i7-12650H, 16 cores, 15G,  Windows 11 , 64 bit Build 26100 (10.0.26100.4202)
Time: Thu Jul  3 00:38:30 2025 Sri Lanka Standard Time elapsed time: 16.243581 seconds (0d 0h 0m 16s)

---------------  T H R E A D  ---------------

Current thread (0x000001a2fdf78360):  JavaThread "C2 CompilerThread2" daemon [_thread_in_native, id=7172, stack(0x0000006087200000,0x0000006087300000) (1024K)]


Current CompileTask:
C2:16243 4416       4       org.eclipse.osgi.internal.loader.ModuleClassLoader::toString (80 bytes)

Stack: [0x0000006087200000,0x0000006087300000]
Native frames: (J=compiled Java code, j=interpreted, Vv=VM code, C=native code)
V  [jvm.dll+0x6ce119]
V  [jvm.dll+0x8a84a1]
V  [jvm.dll+0x8aa9ce]
V  [jvm.dll+0x8ab0b3]
V  [jvm.dll+0x27f8a6]
V  [jvm.dll+0xc507d]
V  [jvm.dll+0xc55b3]
V  [jvm.dll+0x3b68f2]
V  [jvm.dll+0x382aa5]
V  [jvm.dll+0x381f0a]
V  [jvm.dll+0x247af0]
V  [jvm.dll+0x2470cf]
V  [jvm.dll+0x1c760e]
V  [jvm.dll+0x25695a]
V  [jvm.dll+0x254efa]
V  [jvm.dll+0x3f03f6]
V  [jvm.dll+0x851f6b]
V  [jvm.dll+0x6cc7dd]
C  [ucrtbase.dll+0x37b0]
C  [KERNEL32.DLL+0x2e8d7]
C  [ntdll.dll+0x3c34c]


---------------  P R O C E S S  ---------------

Threads class SMR info:
_java_thread_list=0x000001a284675180, length=48, elements={
0x000001a2a2d1e4b0, 0x000001a2a2dc43e0, 0x000001a2a2dc4f90, 0x000001a2a2dc8950,
0x000001a2a2dc9950, 0x000001a2a2dcf960, 0x000001a2a2dd0600, 0x000001a2a2dd7f30,
0x000001a2a2ddcb60, 0x000001a2fbd614d0, 0x000001a2fd558330, 0x000001a2fdeab580,
0x000001a2fdfb3160, 0x000001a2fbe463b0, 0x000001a2fddfd2a0, 0x000001a2fdd43e90,
0x000001a2fe0ddd90, 0x000001a2fe2de490, 0x000001a2fe273100, 0x000001a2fe271030,
0x000001a2fe2716c0, 0x000001a2fe272a70, 0x000001a2fe2723e0, 0x000001a2fe271d50,
0x000001a2fe273790, 0x000001a2fe273e20, 0x000001a2fe2709a0, 0x000001a2843cd820,
0x000001a2843cff80, 0x000001a2843d1330, 0x000001a2843cf8f0, 0x000001a2843d0610,
0x000001a2843d0ca0, 0x000001a2843cdeb0, 0x000001a2843ce540, 0x000001a2843d19c0,
0x000001a2843d2050, 0x000001a2843cebd0, 0x000001a2843d26e0, 0x000001a2843cf260,
0x000001a2843d4e40, 0x000001a2fe711c80, 0x000001a2fe710810, 0x000001a2fe710ee0,
0x000001a2843d4120, 0x000001a2fe7115b0, 0x000001a2fdf78360, 0x000001a2fdf78a30
}

Java Threads: ( => current thread )
  0x000001a2a2d1e4b0 JavaThread "main"                              [_thread_blocked, id=13104, stack(0x0000006083100000,0x0000006083200000) (1024K)]
  0x000001a2a2dc43e0 JavaThread "Reference Handler"          daemon [_thread_blocked, id=20312, stack(0x0000006083500000,0x0000006083600000) (1024K)]
  0x000001a2a2dc4f90 JavaThread "Finalizer"                  daemon [_thread_blocked, id=20372, stack(0x0000006083600000,0x0000006083700000) (1024K)]
  0x000001a2a2dc8950 JavaThread "Signal Dispatcher"          daemon [_thread_blocked, id=2972, stack(0x0000006083700000,0x0000006083800000) (1024K)]
  0x000001a2a2dc9950 JavaThread "Attach Listener"            daemon [_thread_blocked, id=25152, stack(0x0000006083800000,0x0000006083900000) (1024K)]
  0x000001a2a2dcf960 JavaThread "Service Thread"             daemon [_thread_blocked, id=26828, stack(0x0000006083900000,0x0000006083a00000) (1024K)]
  0x000001a2a2dd0600 JavaThread "Monitor Deflation Thread"   daemon [_thread_blocked, id=22556, stack(0x0000006083a00000,0x0000006083b00000) (1024K)]
  0x000001a2a2dd7f30 JavaThread "C2 CompilerThread0"         daemon [_thread_in_native, id=456, stack(0x0000006083b00000,0x0000006083c00000) (1024K)]
  0x000001a2a2ddcb60 JavaThread "C1 CompilerThread0"         daemon [_thread_blocked, id=26368, stack(0x0000006083c00000,0x0000006083d00000) (1024K)]
  0x000001a2fbd614d0 JavaThread "Common-Cleaner"             daemon [_thread_blocked, id=27468, stack(0x0000006083e00000,0x0000006083f00000) (1024K)]
  0x000001a2fd558330 JavaThread "Notification Thread"        daemon [_thread_blocked, id=16012, stack(0x0000006084300000,0x0000006084400000) (1024K)]
  0x000001a2fdeab580 JavaThread "Active Thread: Equinox Container: 6faf74c9-27af-4285-b0cc-e0dbf6399e19"        [_thread_blocked, id=25028, stack(0x0000006084a00000,0x0000006084b00000) (1024K)]
  0x000001a2fdfb3160 JavaThread "Framework Event Dispatcher: Equinox Container: 6faf74c9-27af-4285-b0cc-e0dbf6399e19" daemon [_thread_blocked, id=10452, stack(0x0000006084000000,0x0000006084100000) (1024K)]
  0x000001a2fbe463b0 JavaThread "Start Level: Equinox Container: 6faf74c9-27af-4285-b0cc-e0dbf6399e19" daemon [_thread_blocked, id=12092, stack(0x0000006084100000,0x0000006084200000) (1024K)]
  0x000001a2fddfd2a0 JavaThread "SCR Component Actor"        daemon [_thread_blocked, id=7592, stack(0x0000006084200000,0x0000006084300000) (1024K)]
  0x000001a2fdd43e90 JavaThread "Worker-JM"                         [_thread_blocked, id=11476, stack(0x0000006084d00000,0x0000006084e00000) (1024K)]
  0x000001a2fe0ddd90 JavaThread "JNA Cleaner"                daemon [_thread_blocked, id=23212, stack(0x0000006084c00000,0x0000006084d00000) (1024K)]
  0x000001a2fe2de490 JavaThread "Worker-0"                          [_thread_blocked, id=6760, stack(0x0000006085200000,0x0000006085300000) (1024K)]
  0x000001a2fe273100 JavaThread "Worker-1"                          [_thread_blocked, id=22900, stack(0x0000006085300000,0x0000006085400000) (1024K)]
  0x000001a2fe271030 JavaThread "Thread-2"                   daemon [_thread_in_native, id=16372, stack(0x0000006085c00000,0x0000006085d00000) (1024K)]
  0x000001a2fe2716c0 JavaThread "Thread-3"                   daemon [_thread_in_native, id=25764, stack(0x0000006085d00000,0x0000006085e00000) (1024K)]
  0x000001a2fe272a70 JavaThread "Thread-4"                   daemon [_thread_in_native, id=19316, stack(0x0000006085e00000,0x0000006085f00000) (1024K)]
  0x000001a2fe2723e0 JavaThread "Thread-5"                   daemon [_thread_in_native, id=6600, stack(0x0000006085f00000,0x0000006086000000) (1024K)]
  0x000001a2fe271d50 JavaThread "Thread-6"                   daemon [_thread_in_native, id=22840, stack(0x0000006086000000,0x0000006086100000) (1024K)]
  0x000001a2fe273790 JavaThread "Thread-7"                   daemon [_thread_in_native, id=20752, stack(0x0000006086100000,0x0000006086200000) (1024K)]
  0x000001a2fe273e20 JavaThread "Thread-8"                   daemon [_thread_in_native, id=15404, stack(0x0000006086200000,0x0000006086300000) (1024K)]
  0x000001a2fe2709a0 JavaThread "Thread-9"                   daemon [_thread_in_native, id=22072, stack(0x0000006086300000,0x0000006086400000) (1024K)]
  0x000001a2843cd820 JavaThread "Thread-10"                  daemon [_thread_in_native, id=21816, stack(0x0000006086400000,0x0000006086500000) (1024K)]
  0x000001a2843cff80 JavaThread "Thread-11"                  daemon [_thread_in_native, id=5932, stack(0x0000006086500000,0x0000006086600000) (1024K)]
  0x000001a2843d1330 JavaThread "Thread-12"                  daemon [_thread_in_native, id=27440, stack(0x0000006086600000,0x0000006086700000) (1024K)]
  0x000001a2843cf8f0 JavaThread "Thread-13"                  daemon [_thread_in_native, id=952, stack(0x0000006086700000,0x0000006086800000) (1024K)]
  0x000001a2843d0610 JavaThread "Thread-14"                  daemon [_thread_in_native, id=19108, stack(0x0000006086800000,0x0000006086900000) (1024K)]
  0x000001a2843d0ca0 JavaThread "Thread-15"                  daemon [_thread_in_native, id=24120, stack(0x0000006086900000,0x0000006086a00000) (1024K)]
  0x000001a2843cdeb0 JavaThread "Thread-16"                  daemon [_thread_in_native, id=17996, stack(0x0000006086a00000,0x0000006086b00000) (1024K)]
  0x000001a2843ce540 JavaThread "Thread-17"                  daemon [_thread_in_native, id=19448, stack(0x0000006086b00000,0x0000006086c00000) (1024K)]
  0x000001a2843d19c0 JavaThread "Thread-18"                  daemon [_thread_in_native, id=23804, stack(0x0000006086c00000,0x0000006086d00000) (1024K)]
  0x000001a2843d2050 JavaThread "pool-2-thread-1"                   [_thread_blocked, id=6340, stack(0x0000006086d00000,0x0000006086e00000) (1024K)]
  0x000001a2843cebd0 JavaThread "WorkspaceEventsHandler"            [_thread_blocked, id=25652, stack(0x0000006086e00000,0x0000006086f00000) (1024K)]
  0x000001a2843d26e0 JavaThread "pool-1-thread-1"                   [_thread_blocked, id=11100, stack(0x0000006086f00000,0x0000006087000000) (1024K)]
  0x000001a2843cf260 JavaThread "Worker-2"                          [_thread_blocked, id=20536, stack(0x0000006087000000,0x0000006087100000) (1024K)]
  0x000001a2843d4e40 JavaThread "Worker-3"                          [_thread_blocked, id=19992, stack(0x0000006087100000,0x0000006087200000) (1024K)]
  0x000001a2fe711c80 JavaThread "C1 CompilerThread1"         daemon [_thread_blocked, id=27488, stack(0x0000006083d00000,0x0000006083e00000) (1024K)]
  0x000001a2fe710810 JavaThread "C1 CompilerThread2"         daemon [_thread_blocked, id=16180, stack(0x0000006085000000,0x0000006085100000) (1024K)]
  0x000001a2fe710ee0 JavaThread "C1 CompilerThread3"         daemon [_thread_blocked, id=19312, stack(0x0000006085100000,0x0000006085200000) (1024K)]
  0x000001a2843d4120 JavaThread "ForkJoinPool.commonPool-worker-1" daemon [_thread_in_Java, id=10332, stack(0x0000006085700000,0x0000006085800000) (1024K)]
  0x000001a2fe7115b0 JavaThread "C2 CompilerThread1"         daemon [_thread_in_native, id=26756, stack(0x0000006085800000,0x0000006085900000) (1024K)]
=>0x000001a2fdf78360 JavaThread "C2 CompilerThread2"         daemon [_thread_in_native, id=7172, stack(0x0000006087200000,0x0000006087300000) (1024K)]
  0x000001a2fdf78a30 JavaThread "C2 CompilerThread3"         daemon [_thread_in_native, id=1668, stack(0x0000006087300000,0x0000006087400000) (1024K)]
Total: 48

Other Threads:
  0x000001a2a0a73650 VMThread "VM Thread"                           [id=1792, stack(0x0000006083400000,0x0000006083500000) (1024K)]
  0x000001a2b969ca00 WatcherThread "VM Periodic Task Thread"        [id=23568, stack(0x0000006083300000,0x0000006083400000) (1024K)]
  0x000001a2a0a727d0 WorkerThread "GC Thread#0"                     [id=13080, stack(0x0000006083200000,0x0000006083300000) (1024K)]
  0x000001a2a0a72f10 WorkerThread "GC Thread#1"                     [id=5764, stack(0x0000006084400000,0x0000006084500000) (1024K)]
  0x000001a2a0a72090 WorkerThread "GC Thread#2"                     [id=24468, stack(0x0000006084500000,0x0000006084600000) (1024K)]
  0x000001a2fd7535d0 WorkerThread "GC Thread#3"                     [id=3224, stack(0x0000006084600000,0x0000006084700000) (1024K)]
  0x000001a2fd752010 WorkerThread "GC Thread#4"                     [id=4124, stack(0x0000006084700000,0x0000006084800000) (1024K)]
  0x000001a2fd7547f0 WorkerThread "GC Thread#5"                     [id=27040, stack(0x0000006084800000,0x0000006084900000) (1024K)]
  0x000001a2fd752e90 WorkerThread "GC Thread#6"                     [id=13688, stack(0x0000006084900000,0x0000006084a00000) (1024K)]
  0x000001a2fd753230 WorkerThread "GC Thread#7"                     [id=26896, stack(0x0000006083f00000,0x0000006084000000) (1024K)]
  0x000001a2fd751530 WorkerThread "GC Thread#8"                     [id=22484, stack(0x0000006084e00000,0x0000006084f00000) (1024K)]
  0x000001a2fd753970 WorkerThread "GC Thread#9"                     [id=2188, stack(0x0000006084f00000,0x0000006085000000) (1024K)]
  0x000001a2fd7540b0 WorkerThread "GC Thread#10"                    [id=8292, stack(0x0000006085400000,0x0000006085500000) (1024K)]
  0x000001a2fd752750 WorkerThread "GC Thread#11"                    [id=14504, stack(0x0000006085500000,0x0000006085600000) (1024K)]
  0x000001a2fd753d10 WorkerThread "GC Thread#12"                    [id=26540, stack(0x0000006085600000,0x0000006085700000) (1024K)]
Total: 15

Threads with active compile tasks:
C2 CompilerThread0  16284 4452       4       java.util.stream.StreamSpliterators$AbstractWrappingSpliterator::fillBuffer (64 bytes)
C2 CompilerThread1  16284 4428       4       org.eclipse.jdt.internal.core.util.Util::splitOn (134 bytes)
C2 CompilerThread2  16284 4416       4       org.eclipse.osgi.internal.loader.ModuleClassLoader::toString (80 bytes)
C2 CompilerThread3  16284 4449       4       jdk.internal.jimage.ImageReader$SharedImageReader::makeDirectories (54 bytes)
Total: 4

VM state: not at safepoint (normal execution)

VM Mutex/Monitor currently owned by a thread: None

Heap address: 0x0000000080000000, size: 2048 MB, Compressed Oops mode: 32-bit

CDS archive(s) mapped at: [0x000001a2ba000000-0x000001a2baba0000-0x000001a2baba0000), size 12189696, SharedBaseAddress: 0x000001a2ba000000, ArchiveRelocationMode: 1.
Compressed class space mapped at: 0x000001a2bb000000-0x000001a2fb000000, reserved size: 1073741824
Narrow klass base: 0x000001a2ba000000, Narrow klass shift: 0, Narrow klass range: 0x100000000

GC Precious Log:
 CardTable entry size: 512
 CPUs: 16 total, 16 available
 Memory: 16006M
 Large Page Support: Disabled
 NUMA Support: Disabled
 Compressed Oops: Enabled (32-bit)
 Alignments: Space 512K, Generation 512K, Heap 2M
 Heap Min Capacity: 100M
 Heap Initial Capacity: 100M
 Heap Max Capacity: 2G
 Pre-touch: Disabled
 Parallel Workers: 13

Heap:
 PSYoungGen      total 25088K, used 11762K [0x00000000d5580000, 0x00000000d7180000, 0x0000000100000000)
  eden space 22016K, 40% used [0x00000000d5580000,0x00000000d5e50530,0x00000000d6b00000)
  from space 3072K, 89% used [0x00000000d6c80000,0x00000000d6f2c410,0x00000000d6f80000)
  to   space 2048K, 0% used [0x00000000d6f80000,0x00000000d6f80000,0x00000000d7180000)
 ParOldGen       total 68608K, used 16962K [0x0000000080000000, 0x0000000084300000, 0x00000000d5580000)
  object space 68608K, 24% used [0x0000000080000000,0x00000000810909c0,0x0000000084300000)
 Metaspace       used 32104K, committed 32960K, reserved 1114112K
  class space    used 3156K, committed 3520K, reserved 1048576K

Card table byte_map: [0x000001a2a26e0000,0x000001a2a2af0000] _byte_map_base: 0x000001a2a22e0000

Marking Bits: (ParMarkBitMap*) 0x00007ffac66231f0
 Begin Bits: [0x000001a2b51c0000, 0x000001a2b71c0000)
 End Bits:   [0x000001a2b71c0000, 0x000001a2b91c0000)

Polling page: 0x000001a2a23b0000

Metaspace:

Usage:
  Non-class:     28.27 MB used.
      Class:      3.08 MB used.
       Both:     31.35 MB used.

Virtual space:
  Non-class space:       64.00 MB reserved,      28.75 MB ( 45%) committed,  1 nodes.
      Class space:        1.00 GB reserved,       3.44 MB ( <1%) committed,  1 nodes.
             Both:        1.06 GB reserved,      32.19 MB (  3%) committed. 

Chunk freelists:
   Non-Class:  2.34 MB
       Class:  12.52 MB
        Both:  14.86 MB

MaxMetaspaceSize: unlimited
CompressedClassSpaceSize: 1.00 GB
Initial GC threshold: 21.00 MB
Current GC threshold: 35.00 MB
CDS: on
 - commit_granule_bytes: 65536.
 - commit_granule_words: 8192.
 - virtual_space_node_default_size: 8388608.
 - enlarge_chunks_in_place: 1.
 - use_allocation_guard: 0.


Internal statistics:

num_allocs_failed_limit: 3.
num_arena_births: 650.
num_arena_deaths: 14.
num_vsnodes_births: 2.
num_vsnodes_deaths: 0.
num_space_committed: 515.
num_space_uncommitted: 0.
num_chunks_returned_to_freelist: 17.
num_chunks_taken_from_freelist: 1929.
num_chunk_merges: 9.
num_chunk_splits: 1239.
num_chunks_enlarged: 794.
num_inconsistent_stats: 0.

CodeHeap 'non-profiled nmethods': size=119168Kb used=1937Kb max_used=1937Kb free=117230Kb
 bounds [0x000001a2adab0000, 0x000001a2add20000, 0x000001a2b4f10000]
CodeHeap 'profiled nmethods': size=119104Kb used=9063Kb max_used=9063Kb free=110040Kb
 bounds [0x000001a2a5f10000, 0x000001a2a67f0000, 0x000001a2ad360000]
CodeHeap 'non-nmethods': size=7488Kb used=3042Kb max_used=3071Kb free=4445Kb
 bounds [0x000001a2ad360000, 0x000001a2ad670000, 0x000001a2adab0000]
 total_blobs=5115 nmethods=4461 adapters=556
 compilation: enabled
              stopped_count=0, restarted_count=0
 full_count=0

Compilation events (20 events):
Event: 14.207 Thread 0x000001a2fe711c80 4425       3       org.eclipse.jdt.internal.compiler.util.Util::isClassFileName (82 bytes)
Event: 14.207 Thread 0x000001a2fe710ee0 nmethod 4423 0x000001a2a67d6410 code [0x000001a2a67d65e0, 0x000001a2a67d68d0]
Event: 14.207 Thread 0x000001a2fe711c80 nmethod 4425 0x000001a2a67d6a10 code [0x000001a2a67d6c60, 0x000001a2a67d7528]
Event: 14.209 Thread 0x000001a2a2ddcb60 4429       3       jdk.internal.jimage.ImageReader$SharedImageReader::visitLocation (73 bytes)
Event: 14.209 Thread 0x000001a2fe7115b0 nmethod 4422 0x000001a2adc8e190 code [0x000001a2adc8e360, 0x000001a2adc8e708]
Event: 14.210 Thread 0x000001a2fe7115b0 4427       4       jdk.internal.jimage.ImageLocation::decompress (116 bytes)
Event: 14.210 Thread 0x000001a2a2ddcb60 nmethod 4429 0x000001a2a67d7910 code [0x000001a2a67d7bc0, 0x000001a2a67d8920]
Event: 14.218 Thread 0x000001a2fe7115b0 nmethod 4427 0x000001a2adc8ea10 code [0x000001a2adc8ebc0, 0x000001a2adc8efd0]
Event: 14.219 Thread 0x000001a2fe7115b0 4428       4       org.eclipse.jdt.internal.core.util.Util::splitOn (134 bytes)
Event: 14.219 Thread 0x000001a2fdf78a30 4433       4       java.util.ArrayList::hashCodeRange (68 bytes)
Event: 14.221 Thread 0x000001a2a2ddcb60 4439       1       org.eclipse.core.runtime.Status::getSeverity (5 bytes)
Event: 14.221 Thread 0x000001a2a2ddcb60 nmethod 4439 0x000001a2adc8f310 code [0x000001a2adc8f4a0, 0x000001a2adc8f568]
Event: 14.221 Thread 0x000001a2a2dd7f30 nmethod 4421 0x000001a2adc8f610 code [0x000001a2adc8f880, 0x000001a2adc90580]
Event: 14.222 Thread 0x000001a2a2dd7f30 4437       4       java.util.ArrayList::equalsRange (85 bytes)
Event: 14.222 Thread 0x000001a2fdf78a30 nmethod 4433 0x000001a2adc90f90 code [0x000001a2adc91140, 0x000001a2adc913c0]
Event: 14.222 Thread 0x000001a2fdf78a30 4440       4       org.eclipse.jdt.internal.compiler.util.Util::isClassFileName (82 bytes)
Event: 14.226 Thread 0x000001a2fe710810 4444       1       org.eclipse.jdt.internal.compiler.impl.CompilerOptions::getFirstSupportedJdkLevel (4 bytes)
Event: 14.231 Thread 0x000001a2a2ddcb60 4450       3       jdk.internal.jimage.ImageReader$SharedImageReader$$Lambda/0x000001a2bb3678e0::<init> (15 bytes)
Event: 14.236 Thread 0x000001a2fe710ee0 4455       3       org.eclipse.jdt.internal.compiler.parser.Scanner::scanIdentifierOrKeywordWithBoundCheck (198 bytes)
Event: 14.236 Thread 0x000001a2fe711c80 4456       3       jdk.internal.jimage.ImageReader$SharedImageReader::handleModulesSubTree (56 bytes)

GC Heap History (20 events):
Event: 4.506 GC heap before
{Heap before GC invocations=2 (full 0):
 PSYoungGen      total 29696K, used 29289K [0x00000000d5580000, 0x00000000d7680000, 0x0000000100000000)
  eden space 25600K, 100% used [0x00000000d5580000,0x00000000d6e80000,0x00000000d6e80000)
  from space 4096K, 90% used [0x00000000d6e80000,0x00000000d721a4f0,0x00000000d7280000)
  to   space 4096K, 0% used [0x00000000d7280000,0x00000000d7280000,0x00000000d7680000)
 ParOldGen       total 68608K, used 16K [0x0000000080000000, 0x0000000084300000, 0x00000000d5580000)
  object space 68608K, 0% used [0x0000000080000000,0x0000000080004000,0x0000000084300000)
 Metaspace       used 7945K, committed 8256K, reserved 1114112K
  class space    used 807K, committed 960K, reserved 1048576K
}
Event: 4.514 GC heap after
{Heap after GC invocations=2 (full 0):
 PSYoungGen      total 29696K, used 4069K [0x00000000d5580000, 0x00000000d7680000, 0x0000000100000000)
  eden space 25600K, 0% used [0x00000000d5580000,0x00000000d5580000,0x00000000d6e80000)
  from space 4096K, 99% used [0x00000000d7280000,0x00000000d76795d0,0x00000000d7680000)
  to   space 4096K, 0% used [0x00000000d6e80000,0x00000000d6e80000,0x00000000d7280000)
 ParOldGen       total 68608K, used 857K [0x0000000080000000, 0x0000000084300000, 0x00000000d5580000)
  object space 68608K, 1% used [0x0000000080000000,0x00000000800d6700,0x0000000084300000)
 Metaspace       used 7945K, committed 8256K, reserved 1114112K
  class space    used 807K, committed 960K, reserved 1048576K
}
Event: 8.775 GC heap before
{Heap before GC invocations=3 (full 0):
 PSYoungGen      total 29696K, used 29669K [0x00000000d5580000, 0x00000000d7680000, 0x0000000100000000)
  eden space 25600K, 100% used [0x00000000d5580000,0x00000000d6e80000,0x00000000d6e80000)
  from space 4096K, 99% used [0x00000000d7280000,0x00000000d76795d0,0x00000000d7680000)
  to   space 4096K, 0% used [0x00000000d6e80000,0x00000000d6e80000,0x00000000d7280000)
 ParOldGen       total 68608K, used 857K [0x0000000080000000, 0x0000000084300000, 0x00000000d5580000)
  object space 68608K, 1% used [0x0000000080000000,0x00000000800d6700,0x0000000084300000)
 Metaspace       used 12661K, committed 13120K, reserved 1114112K
  class space    used 1304K, committed 1472K, reserved 1048576K
}
Event: 8.778 GC heap after
{Heap after GC invocations=3 (full 0):
 PSYoungGen      total 29696K, used 4085K [0x00000000d5580000, 0x00000000d7680000, 0x0000000100000000)
  eden space 25600K, 0% used [0x00000000d5580000,0x00000000d5580000,0x00000000d6e80000)
  from space 4096K, 99% used [0x00000000d6e80000,0x00000000d727d508,0x00000000d7280000)
  to   space 4096K, 0% used [0x00000000d7280000,0x00000000d7280000,0x00000000d7680000)
 ParOldGen       total 68608K, used 2436K [0x0000000080000000, 0x0000000084300000, 0x00000000d5580000)
  object space 68608K, 3% used [0x0000000080000000,0x0000000080261218,0x0000000084300000)
 Metaspace       used 12661K, committed 13120K, reserved 1114112K
  class space    used 1304K, committed 1472K, reserved 1048576K
}
Event: 9.328 GC heap before
{Heap before GC invocations=4 (full 0):
 PSYoungGen      total 29696K, used 29685K [0x00000000d5580000, 0x00000000d7680000, 0x0000000100000000)
  eden space 25600K, 100% used [0x00000000d5580000,0x00000000d6e80000,0x00000000d6e80000)
  from space 4096K, 99% used [0x00000000d6e80000,0x00000000d727d508,0x00000000d7280000)
  to   space 4096K, 0% used [0x00000000d7280000,0x00000000d7280000,0x00000000d7680000)
 ParOldGen       total 68608K, used 2436K [0x0000000080000000, 0x0000000084300000, 0x00000000d5580000)
  object space 68608K, 3% used [0x0000000080000000,0x0000000080261218,0x0000000084300000)
 Metaspace       used 16334K, committed 16896K, reserved 1114112K
  class space    used 1673K, committed 1920K, reserved 1048576K
}
Event: 9.332 GC heap after
{Heap after GC invocations=4 (full 0):
 PSYoungGen      total 29696K, used 4068K [0x00000000d5580000, 0x00000000d7680000, 0x0000000100000000)
  eden space 25600K, 0% used [0x00000000d5580000,0x00000000d5580000,0x00000000d6e80000)
  from space 4096K, 99% used [0x00000000d7280000,0x00000000d7679090,0x00000000d7680000)
  to   space 4096K, 0% used [0x00000000d6e80000,0x00000000d6e80000,0x00000000d7280000)
 ParOldGen       total 68608K, used 5138K [0x0000000080000000, 0x0000000084300000, 0x00000000d5580000)
  object space 68608K, 7% used [0x0000000080000000,0x0000000080504920,0x0000000084300000)
 Metaspace       used 16334K, committed 16896K, reserved 1114112K
  class space    used 1673K, committed 1920K, reserved 1048576K
}
Event: 9.534 GC heap before
{Heap before GC invocations=5 (full 0):
 PSYoungGen      total 29696K, used 29668K [0x00000000d5580000, 0x00000000d7680000, 0x0000000100000000)
  eden space 25600K, 100% used [0x00000000d5580000,0x00000000d6e80000,0x00000000d6e80000)
  from space 4096K, 99% used [0x00000000d7280000,0x00000000d7679090,0x00000000d7680000)
  to   space 4096K, 0% used [0x00000000d6e80000,0x00000000d6e80000,0x00000000d7280000)
 ParOldGen       total 68608K, used 5138K [0x0000000080000000, 0x0000000084300000, 0x00000000d5580000)
  object space 68608K, 7% used [0x0000000080000000,0x0000000080504920,0x0000000084300000)
 Metaspace       used 19568K, committed 20224K, reserved 1114112K
  class space    used 1887K, committed 2176K, reserved 1048576K
}
Event: 9.536 GC heap after
{Heap after GC invocations=5 (full 0):
 PSYoungGen      total 29184K, used 4079K [0x00000000d5580000, 0x00000000d7900000, 0x0000000100000000)
  eden space 25088K, 0% used [0x00000000d5580000,0x00000000d5580000,0x00000000d6e00000)
  from space 4096K, 99% used [0x00000000d6e80000,0x00000000d727bf30,0x00000000d7280000)
  to   space 5632K, 0% used [0x00000000d7380000,0x00000000d7380000,0x00000000d7900000)
 ParOldGen       total 68608K, used 5386K [0x0000000080000000, 0x0000000084300000, 0x00000000d5580000)
  object space 68608K, 7% used [0x0000000080000000,0x0000000080542920,0x0000000084300000)
 Metaspace       used 19568K, committed 20224K, reserved 1114112K
  class space    used 1887K, committed 2176K, reserved 1048576K
}
Event: 9.605 GC heap before
{Heap before GC invocations=6 (full 0):
 PSYoungGen      total 29184K, used 13893K [0x00000000d5580000, 0x00000000d7900000, 0x0000000100000000)
  eden space 25088K, 39% used [0x00000000d5580000,0x00000000d5f15868,0x00000000d6e00000)
  from space 4096K, 99% used [0x00000000d6e80000,0x00000000d727bf30,0x00000000d7280000)
  to   space 5632K, 0% used [0x00000000d7380000,0x00000000d7380000,0x00000000d7900000)
 ParOldGen       total 68608K, used 5386K [0x0000000080000000, 0x0000000084300000, 0x00000000d5580000)
  object space 68608K, 7% used [0x0000000080000000,0x0000000080542920,0x0000000084300000)
 Metaspace       used 20866K, committed 21504K, reserved 1114112K
  class space    used 1993K, committed 2304K, reserved 1048576K
}
Event: 9.608 GC heap after
{Heap after GC invocations=6 (full 0):
 PSYoungGen      total 30208K, used 4857K [0x00000000d5580000, 0x00000000d7880000, 0x0000000100000000)
  eden space 25088K, 0% used [0x00000000d5580000,0x00000000d5580000,0x00000000d6e00000)
  from space 5120K, 94% used [0x00000000d7380000,0x00000000d783e768,0x00000000d7880000)
  to   space 5120K, 0% used [0x00000000d6e80000,0x00000000d6e80000,0x00000000d7380000)
 ParOldGen       total 68608K, used 5394K [0x0000000080000000, 0x0000000084300000, 0x00000000d5580000)
  object space 68608K, 7% used [0x0000000080000000,0x0000000080544920,0x0000000084300000)
 Metaspace       used 20866K, committed 21504K, reserved 1114112K
  class space    used 1993K, committed 2304K, reserved 1048576K
}
Event: 9.608 GC heap before
{Heap before GC invocations=7 (full 1):
 PSYoungGen      total 30208K, used 4857K [0x00000000d5580000, 0x00000000d7880000, 0x0000000100000000)
  eden space 25088K, 0% used [0x00000000d5580000,0x00000000d5580000,0x00000000d6e00000)
  from space 5120K, 94% used [0x00000000d7380000,0x00000000d783e768,0x00000000d7880000)
  to   space 5120K, 0% used [0x00000000d6e80000,0x00000000d6e80000,0x00000000d7380000)
 ParOldGen       total 68608K, used 5394K [0x0000000080000000, 0x0000000084300000, 0x00000000d5580000)
  object space 68608K, 7% used [0x0000000080000000,0x0000000080544920,0x0000000084300000)
 Metaspace       used 20866K, committed 21504K, reserved 1114112K
  class space    used 1993K, committed 2304K, reserved 1048576K
}
Event: 9.630 GC heap after
{Heap after GC invocations=7 (full 1):
 PSYoungGen      total 30208K, used 0K [0x00000000d5580000, 0x00000000d7880000, 0x0000000100000000)
  eden space 25088K, 0% used [0x00000000d5580000,0x00000000d5580000,0x00000000d6e00000)
  from space 5120K, 0% used [0x00000000d7380000,0x00000000d7380000,0x00000000d7880000)
  to   space 5120K, 0% used [0x00000000d6e80000,0x00000000d6e80000,0x00000000d7380000)
 ParOldGen       total 68608K, used 9522K [0x0000000080000000, 0x0000000084300000, 0x00000000d5580000)
  object space 68608K, 13% used [0x0000000080000000,0x000000008094c840,0x0000000084300000)
 Metaspace       used 20853K, committed 21504K, reserved 1114112K
  class space    used 1989K, committed 2304K, reserved 1048576K
}
Event: 9.902 GC heap before
{Heap before GC invocations=8 (full 1):
 PSYoungGen      total 30208K, used 25088K [0x00000000d5580000, 0x00000000d7880000, 0x0000000100000000)
  eden space 25088K, 100% used [0x00000000d5580000,0x00000000d6e00000,0x00000000d6e00000)
  from space 5120K, 0% used [0x00000000d7380000,0x00000000d7380000,0x00000000d7880000)
  to   space 5120K, 0% used [0x00000000d6e80000,0x00000000d6e80000,0x00000000d7380000)
 ParOldGen       total 68608K, used 9522K [0x0000000080000000, 0x0000000084300000, 0x00000000d5580000)
  object space 68608K, 13% used [0x0000000080000000,0x000000008094c840,0x0000000084300000)
 Metaspace       used 22965K, committed 23616K, reserved 1114112K
  class space    used 2167K, committed 2432K, reserved 1048576K
}
Event: 9.903 GC heap after
{Heap after GC invocations=8 (full 1):
 PSYoungGen      total 27648K, used 2652K [0x00000000d5580000, 0x00000000d7480000, 0x0000000100000000)
  eden space 24576K, 0% used [0x00000000d5580000,0x00000000d5580000,0x00000000d6d80000)
  from space 3072K, 86% used [0x00000000d6e80000,0x00000000d71172b0,0x00000000d7180000)
  to   space 3072K, 0% used [0x00000000d7180000,0x00000000d7180000,0x00000000d7480000)
 ParOldGen       total 68608K, used 9530K [0x0000000080000000, 0x0000000084300000, 0x00000000d5580000)
  object space 68608K, 13% used [0x0000000080000000,0x000000008094e840,0x0000000084300000)
 Metaspace       used 22965K, committed 23616K, reserved 1114112K
  class space    used 2167K, committed 2432K, reserved 1048576K
}
Event: 10.229 GC heap before
{Heap before GC invocations=9 (full 1):
 PSYoungGen      total 27648K, used 27228K [0x00000000d5580000, 0x00000000d7480000, 0x0000000100000000)
  eden space 24576K, 100% used [0x00000000d5580000,0x00000000d6d80000,0x00000000d6d80000)
  from space 3072K, 86% used [0x00000000d6e80000,0x00000000d71172b0,0x00000000d7180000)
  to   space 3072K, 0% used [0x00000000d7180000,0x00000000d7180000,0x00000000d7480000)
 ParOldGen       total 68608K, used 9530K [0x0000000080000000, 0x0000000084300000, 0x00000000d5580000)
  object space 68608K, 13% used [0x0000000080000000,0x000000008094e840,0x0000000084300000)
 Metaspace       used 26609K, committed 27392K, reserved 1114112K
  class space    used 2554K, committed 2880K, reserved 1048576K
}
Event: 10.231 GC heap after
{Heap after GC invocations=9 (full 1):
 PSYoungGen      total 26624K, used 3069K [0x00000000d5580000, 0x00000000d7700000, 0x0000000100000000)
  eden space 23552K, 0% used [0x00000000d5580000,0x00000000d5580000,0x00000000d6c80000)
  from space 3072K, 99% used [0x00000000d7180000,0x00000000d747f4b0,0x00000000d7480000)
  to   space 5120K, 0% used [0x00000000d6c80000,0x00000000d6c80000,0x00000000d7180000)
 ParOldGen       total 68608K, used 10927K [0x0000000080000000, 0x0000000084300000, 0x00000000d5580000)
  object space 68608K, 15% used [0x0000000080000000,0x0000000080aabff0,0x0000000084300000)
 Metaspace       used 26609K, committed 27392K, reserved 1114112K
  class space    used 2554K, committed 2880K, reserved 1048576K
}
Event: 12.435 GC heap before
{Heap before GC invocations=10 (full 1):
 PSYoungGen      total 26624K, used 26621K [0x00000000d5580000, 0x00000000d7700000, 0x0000000100000000)
  eden space 23552K, 100% used [0x00000000d5580000,0x00000000d6c80000,0x00000000d6c80000)
  from space 3072K, 99% used [0x00000000d7180000,0x00000000d747f4b0,0x00000000d7480000)
  to   space 5120K, 0% used [0x00000000d6c80000,0x00000000d6c80000,0x00000000d7180000)
 ParOldGen       total 68608K, used 10927K [0x0000000080000000, 0x0000000084300000, 0x00000000d5580000)
  object space 68608K, 15% used [0x0000000080000000,0x0000000080aabff0,0x0000000084300000)
 Metaspace       used 29604K, committed 30464K, reserved 1114112K
  class space    used 2886K, committed 3264K, reserved 1048576K
}
Event: 12.437 GC heap after
{Heap after GC invocations=10 (full 1):
 PSYoungGen      total 27648K, used 4472K [0x00000000d5580000, 0x00000000d7500000, 0x0000000100000000)
  eden space 23040K, 0% used [0x00000000d5580000,0x00000000d5580000,0x00000000d6c00000)
  from space 4608K, 97% used [0x00000000d6c80000,0x00000000d70de270,0x00000000d7100000)
  to   space 4096K, 0% used [0x00000000d7100000,0x00000000d7100000,0x00000000d7500000)
 ParOldGen       total 68608K, used 10935K [0x0000000080000000, 0x0000000084300000, 0x00000000d5580000)
  object space 68608K, 15% used [0x0000000080000000,0x0000000080aadff0,0x0000000084300000)
 Metaspace       used 29604K, committed 30464K, reserved 1114112K
  class space    used 2886K, committed 3264K, reserved 1048576K
}
Event: 14.211 GC heap before
{Heap before GC invocations=11 (full 1):
 PSYoungGen      total 27648K, used 27512K [0x00000000d5580000, 0x00000000d7500000, 0x0000000100000000)
  eden space 23040K, 100% used [0x00000000d5580000,0x00000000d6c00000,0x00000000d6c00000)
  from space 4608K, 97% used [0x00000000d6c80000,0x00000000d70de270,0x00000000d7100000)
  to   space 4096K, 0% used [0x00000000d7100000,0x00000000d7100000,0x00000000d7500000)
 ParOldGen       total 68608K, used 10935K [0x0000000080000000, 0x0000000084300000, 0x00000000d5580000)
  object space 68608K, 15% used [0x0000000080000000,0x0000000080aadff0,0x0000000084300000)
 Metaspace       used 32061K, committed 32896K, reserved 1114112K
  class space    used 3155K, committed 3520K, reserved 1048576K
}
Event: 14.213 GC heap after
{Heap after GC invocations=11 (full 1):
 PSYoungGen      total 26112K, used 3198K [0x00000000d5580000, 0x00000000d7480000, 0x0000000100000000)
  eden space 22528K, 0% used [0x00000000d5580000,0x00000000d5580000,0x00000000d6b80000)
  from space 3584K, 89% used [0x00000000d7100000,0x00000000d741fb38,0x00000000d7480000)
  to   space 4096K, 0% used [0x00000000d6c80000,0x00000000d6c80000,0x00000000d7080000)
 ParOldGen       total 68608K, used 13945K [0x0000000080000000, 0x0000000084300000, 0x00000000d5580000)
  object space 68608K, 20% used [0x0000000080000000,0x0000000080d9e4d0,0x0000000084300000)
 Metaspace       used 32061K, committed 32896K, reserved 1114112K
  class space    used 3155K, committed 3520K, reserved 1048576K
}

Dll operation events (10 events):
Event: 0.047 Loaded shared library c:\Users\User\.vscode\extensions\redhat.java-1.43.1-win32-x64\jre\21.0.7-win32-x86_64\bin\java.dll
Event: 0.119 Loaded shared library c:\Users\User\.vscode\extensions\redhat.java-1.43.1-win32-x64\jre\21.0.7-win32-x86_64\bin\zip.dll
Event: 0.135 Loaded shared library C:\Users\User\.vscode\extensions\redhat.java-1.43.1-win32-x64\jre\21.0.7-win32-x86_64\bin\instrument.dll
Event: 0.138 Loaded shared library C:\Users\User\.vscode\extensions\redhat.java-1.43.1-win32-x64\jre\21.0.7-win32-x86_64\bin\net.dll
Event: 0.140 Loaded shared library C:\Users\User\.vscode\extensions\redhat.java-1.43.1-win32-x64\jre\21.0.7-win32-x86_64\bin\nio.dll
Event: 0.142 Loaded shared library C:\Users\User\.vscode\extensions\redhat.java-1.43.1-win32-x64\jre\21.0.7-win32-x86_64\bin\zip.dll
Event: 0.154 Loaded shared library C:\Users\User\.vscode\extensions\redhat.java-1.43.1-win32-x64\jre\21.0.7-win32-x86_64\bin\jimage.dll
Event: 0.202 Loaded shared library c:\Users\User\.vscode\extensions\redhat.java-1.43.1-win32-x64\jre\21.0.7-win32-x86_64\bin\verify.dll
Event: 8.310 Loaded shared library C:\Users\User\AppData\Roaming\Code\User\globalStorage\redhat.java\1.43.1\config_ss_win\org.eclipse.equinox.launcher\org.eclipse.equinox.launcher.win32.win32.x86_64_1.2.1300.v20250331-1702\eclipse_11911.dll
Event: 9.221 Loaded shared library C:\Users\User\AppData\Local\Temp\jna-2645995\jna17022493587523945419.dll

Deoptimization events (20 events):
Event: 13.109 Thread 0x000001a2843d4120 Uncommon trap: trap_request=0xffffff45 fr.pc=0x000001a2adc4bd20 relative=0x0000000000000320
Event: 13.109 Thread 0x000001a2843d4120 Uncommon trap: reason=unstable_if action=reinterpret pc=0x000001a2adc4bd20 method=java.lang.invoke.MethodType.genericMethodType(IZ)Ljava/lang/invoke/MethodType; @ 27 c2
Event: 13.109 Thread 0x000001a2843d4120 DEOPT PACKING pc=0x000001a2adc4bd20 sp=0x00000060857fbe80
Event: 13.109 Thread 0x000001a2843d4120 DEOPT UNPACKING pc=0x000001a2ad3b3aa2 sp=0x00000060857fbd78 mode 2
Event: 14.167 Thread 0x000001a2843d4120 Uncommon trap: trap_request=0xffffffbe fr.pc=0x000001a2adc27ff8 relative=0x0000000000000a18
Event: 14.167 Thread 0x000001a2843d4120 Uncommon trap: reason=profile_predicate action=maybe_recompile pc=0x000001a2adc27ff8 method=java.util.TreeMap.put(Ljava/lang/Object;Ljava/lang/Object;Z)Ljava/lang/Object; @ 27 c2
Event: 14.167 Thread 0x000001a2843d4120 DEOPT PACKING pc=0x000001a2adc27ff8 sp=0x00000060857fc1f0
Event: 14.167 Thread 0x000001a2843d4120 DEOPT UNPACKING pc=0x000001a2ad3b3aa2 sp=0x00000060857fc1a0 mode 2
Event: 14.167 Thread 0x000001a2843d4120 Uncommon trap: trap_request=0xffffffbe fr.pc=0x000001a2adc27ff8 relative=0x0000000000000a18
Event: 14.167 Thread 0x000001a2843d4120 Uncommon trap: reason=profile_predicate action=maybe_recompile pc=0x000001a2adc27ff8 method=java.util.TreeMap.put(Ljava/lang/Object;Ljava/lang/Object;Z)Ljava/lang/Object; @ 27 c2
Event: 14.167 Thread 0x000001a2843d4120 DEOPT PACKING pc=0x000001a2adc27ff8 sp=0x00000060857fc1f0
Event: 14.167 Thread 0x000001a2843d4120 DEOPT UNPACKING pc=0x000001a2ad3b3aa2 sp=0x00000060857fc1a0 mode 2
Event: 14.175 Thread 0x000001a2843d4120 Uncommon trap: trap_request=0xffffff45 fr.pc=0x000001a2adc8558c relative=0x000000000000056c
Event: 14.175 Thread 0x000001a2843d4120 Uncommon trap: reason=unstable_if action=reinterpret pc=0x000001a2adc8558c method=jdk.internal.jimage.ImageReader$SharedImageReader.findNode(Ljava/lang/String;)Ljdk/internal/jimage/ImageReader$Node; @ 25 c2
Event: 14.175 Thread 0x000001a2843d4120 DEOPT PACKING pc=0x000001a2adc8558c sp=0x00000060857fd070
Event: 14.175 Thread 0x000001a2843d4120 DEOPT UNPACKING pc=0x000001a2ad3b3aa2 sp=0x00000060857fd038 mode 2
Event: 14.175 Thread 0x000001a2843d4120 Uncommon trap: trap_request=0xffffff45 fr.pc=0x000001a2adc80760 relative=0x00000000000001a0
Event: 14.175 Thread 0x000001a2843d4120 Uncommon trap: reason=unstable_if action=reinterpret pc=0x000001a2adc80760 method=jdk.internal.jrtfs.JrtPath.normalize(Ljava/lang/String;)Ljava/lang/String; @ 78 c2
Event: 14.175 Thread 0x000001a2843d4120 DEOPT PACKING pc=0x000001a2adc80760 sp=0x00000060857fd350
Event: 14.175 Thread 0x000001a2843d4120 DEOPT UNPACKING pc=0x000001a2ad3b3aa2 sp=0x00000060857fd2d0 mode 2

Classes loaded (20 events):
Event: 13.138 Loading class java/nio/file/FileVisitResult
Event: 13.138 Loading class java/nio/file/FileVisitResult done
Event: 14.164 Loading class java/lang/runtime/ObjectMethods
Event: 14.164 Loading class java/lang/runtime/ObjectMethods done
Event: 14.166 Loading class java/lang/invoke/MethodHandleImpl$Makers
Event: 14.166 Loading class java/lang/invoke/MethodHandleImpl$Makers done
Event: 14.166 Loading class java/lang/invoke/MethodHandleImpl$Makers$1
Event: 14.166 Loading class java/lang/invoke/MethodHandleImpl$Makers$1 done
Event: 14.166 Loading class java/lang/invoke/MethodHandleImpl$Makers$2
Event: 14.166 Loading class java/lang/invoke/MethodHandleImpl$Makers$2 done
Event: 14.166 Loading class java/lang/invoke/MethodHandleImpl$Makers$3
Event: 14.166 Loading class java/lang/invoke/MethodHandleImpl$Makers$3 done
Event: 14.169 Loading class java/lang/runtime/ObjectMethods$1
Event: 14.169 Loading class java/lang/runtime/ObjectMethods$1 done
Event: 14.193 Loading class java/util/AbstractList$ListItr
Event: 14.193 Loading class java/util/AbstractList$ListItr done
Event: 14.197 Loading class java/nio/channels/Channels$ReadableByteChannelImpl
Event: 14.197 Loading class java/nio/channels/Channels$ReadableByteChannelImpl done
Event: 14.198 Loading class java/nio/channels/NonWritableChannelException
Event: 14.198 Loading class java/nio/channels/NonWritableChannelException done

Classes unloaded (7 events):
Event: 9.613 Thread 0x000001a2a0a73650 Unloading class 0x000001a2bb189400 'java/lang/invoke/LambdaForm$MH+0x000001a2bb189400'
Event: 9.613 Thread 0x000001a2a0a73650 Unloading class 0x000001a2bb189000 'java/lang/invoke/LambdaForm$MH+0x000001a2bb189000'
Event: 9.613 Thread 0x000001a2a0a73650 Unloading class 0x000001a2bb188c00 'java/lang/invoke/LambdaForm$MH+0x000001a2bb188c00'
Event: 9.613 Thread 0x000001a2a0a73650 Unloading class 0x000001a2bb188800 'java/lang/invoke/LambdaForm$MH+0x000001a2bb188800'
Event: 9.613 Thread 0x000001a2a0a73650 Unloading class 0x000001a2bb188400 'java/lang/invoke/LambdaForm$BMH+0x000001a2bb188400'
Event: 9.613 Thread 0x000001a2a0a73650 Unloading class 0x000001a2bb188000 'java/lang/invoke/LambdaForm$DMH+0x000001a2bb188000'
Event: 9.613 Thread 0x000001a2a0a73650 Unloading class 0x000001a2bb186c00 'java/lang/invoke/LambdaForm$DMH+0x000001a2bb186c00'

Classes redefined (0 events):
No events

Internal exceptions (20 events):
Event: 10.336 Thread 0x000001a2fe273100 Exception <a 'java/lang/NoSuchMethodError'{0x00000000d61701e8}: 'java.lang.Object java.lang.invoke.Invokers$Holder.linkToTargetMethod(java.lang.Object, java.lang.Object, int, java.lang.Object)'> (0x00000000d61701e8) 
thrown [s\src\hotspot\share\interpreter\linkResolver.cpp, line 773]
Event: 10.337 Thread 0x000001a2fe273100 Exception <a 'java/lang/NoSuchMethodError'{0x00000000d617b8d0}: 'void java.lang.invoke.DirectMethodHandle$Holder.invokeStaticInit(java.lang.Object, java.lang.Object, java.lang.Object)'> (0x00000000d617b8d0) 
thrown [s\src\hotspot\share\interpreter\linkResolver.cpp, line 773]
Event: 12.416 Thread 0x000001a2843d26e0 Exception <a 'java/lang/NoSuchMethodError'{0x00000000d6740a08}: 'java.lang.Object java.lang.invoke.DirectMethodHandle$Holder.invokeInterface(java.lang.Object, java.lang.Object, java.lang.Object)'> (0x00000000d6740a08) 
thrown [s\src\hotspot\share\interpreter\linkResolver.cpp, line 773]
Event: 12.430 Thread 0x000001a2843d26e0 Exception <a 'java/io/FileNotFoundException'{0x00000000d67cd5d8}> (0x00000000d67cd5d8) 
thrown [s\src\hotspot\share\prims\jni.cpp, line 520]
Event: 12.454 Thread 0x000001a2843d26e0 Exception <a 'sun/nio/fs/WindowsException'{0x00000000d56aa3b8}> (0x00000000d56aa3b8) 
thrown [s\src\hotspot\share\prims\jni.cpp, line 520]
Event: 12.602 Thread 0x000001a2fe273100 Implicit null exception at 0x000001a2adc6b202 to 0x000001a2adc6c380
Event: 12.947 Thread 0x000001a2843d26e0 Exception <a 'java/lang/IncompatibleClassChangeError'{0x00000000d59fdb48}: Found class java.lang.Object, but interface was expected> (0x00000000d59fdb48) 
thrown [s\src\hotspot\share\interpreter\linkResolver.cpp, line 840]
Event: 13.023 Thread 0x000001a2843d26e0 Exception <a 'java/lang/IncompatibleClassChangeError'{0x00000000d5a9de50}: Found class java.lang.Object, but interface was expected> (0x00000000d5a9de50) 
thrown [s\src\hotspot\share\interpreter\linkResolver.cpp, line 840]
Event: 13.107 Thread 0x000001a2843d4120 Implicit null exception at 0x000001a2adc3a877 to 0x000001a2adc3aae8
Event: 13.107 Thread 0x000001a2843d4120 Exception <a 'java/lang/NoSuchMethodError'{0x00000000d5e785e0}: 'long java.lang.invoke.DirectMethodHandle$Holder.invokeStatic(java.lang.Object, java.lang.Object, int)'> (0x00000000d5e785e0) 
thrown [s\src\hotspot\share\interpreter\linkResolver.cpp, line 773]
Event: 13.108 Thread 0x000001a2843d4120 Exception <a 'java/lang/NoSuchMethodError'{0x00000000d5e83090}: 'java.lang.Object java.lang.invoke.DelegatingMethodHandle$Holder.reinvoke_L(java.lang.Object, int, long, java.lang.Object, java.lang.Object, int, java.lang.Object)'> (0x00000000d5e83090) 
thrown [s\src\hotspot\share\interpreter\linkResolver.cpp, line 773]
Event: 14.165 Thread 0x000001a2843d4120 Exception <a 'java/lang/NoSuchMethodError'{0x00000000d644f4f8}: 'java.lang.Object java.lang.invoke.DirectMethodHandle$Holder.invokeStaticInit(java.lang.Object, java.lang.Object, java.lang.Object, java.lang.Object, java.lang.Object, java.lang.Object, java.lang.Object)'> (0x00000000d644f4f8) 
thrown [s\src\hotspot\share\interpreter\linkResolver.cpp, line 773]
Event: 14.165 Thread 0x000001a2843d4120 Exception <a 'java/lang/NoSuchMethodError'{0x00000000d6454200}: 'java.lang.Object java.lang.invoke.Invokers$Holder.invoke_MT(java.lang.Object, java.lang.Object, java.lang.Object, java.lang.Object, java.lang.Object, java.lang.Object, java.lang.Object, java.lang.Object, java.lang.Object, java.lang.Object)'> (0x00000000d6454200) 
thrown [s\src\hotspot\share\interpreter\linkResolver.cpp, line 773]
Event: 14.169 Thread 0x000001a2843d4120 Exception <a 'java/lang/NoSuchMethodError'{0x00000000d6494ca0}: 'int java.lang.invoke.DirectMethodHandle$Holder.invokeVirtual(java.lang.Object, java.lang.Object, java.lang.Object)'> (0x00000000d6494ca0) 
thrown [s\src\hotspot\share\interpreter\linkResolver.cpp, line 773]
Event: 14.169 Thread 0x000001a2843d4120 Exception <a 'java/lang/NoSuchMethodError'{0x00000000d64992b8}: 'int java.lang.invoke.DirectMethodHandle$Holder.invokeStaticInit(java.lang.Object, int, int)'> (0x00000000d64992b8) 
thrown [s\src\hotspot\share\interpreter\linkResolver.cpp, line 773]
Event: 14.170 Thread 0x000001a2843d4120 Exception <a 'java/lang/NoSuchMethodError'{0x00000000d64a0ca0}: 'int java.lang.invoke.DirectMethodHandle$Holder.invokeStaticInit(java.lang.Object, long, long)'> (0x00000000d64a0ca0) 
thrown [s\src\hotspot\share\interpreter\linkResolver.cpp, line 773]
Event: 14.171 Thread 0x000001a2843d4120 Exception <a 'java/lang/NoSuchMethodError'{0x00000000d64a79e8}: 'int java.lang.invoke.DirectMethodHandle$Holder.invokeStaticInit(java.lang.Object, float, float)'> (0x00000000d64a79e8) 
thrown [s\src\hotspot\share\interpreter\linkResolver.cpp, line 773]
Event: 14.171 Thread 0x000001a2843d4120 Exception <a 'java/lang/NoSuchMethodError'{0x00000000d64ae968}: 'int java.lang.invoke.DirectMethodHandle$Holder.invokeStaticInit(java.lang.Object, double, double)'> (0x00000000d64ae968) 
thrown [s\src\hotspot\share\interpreter\linkResolver.cpp, line 773]
Event: 14.171 Thread 0x000001a2843d4120 Exception <a 'java/lang/NoSuchMethodError'{0x00000000d64b3410}: 'int java.lang.invoke.DirectMethodHandle$Holder.invokeStatic(java.lang.Object, long)'> (0x00000000d64b3410) 
thrown [s\src\hotspot\share\interpreter\linkResolver.cpp, line 773]
Event: 14.173 Thread 0x000001a2843d4120 Exception <a 'java/lang/NoSuchMethodError'{0x00000000d64d2a38}: 'int java.lang.invoke.Invokers$Holder.linkToTargetMethod(java.lang.Object, java.lang.Object)'> (0x00000000d64d2a38) 
thrown [s\src\hotspot\share\interpreter\linkResolver.cpp, line 773]

ZGC Phase Switch (0 events):
No events

VM Operations (20 events):
Event: 11.231 Executing VM operation: Cleanup done
Event: 12.422 Executing VM operation: HandshakeAllThreads (Deoptimize)
Event: 12.422 Executing VM operation: HandshakeAllThreads (Deoptimize) done
Event: 12.422 Executing VM operation: Cleanup
Event: 12.422 Executing VM operation: Cleanup done
Event: 12.435 Executing VM operation: ParallelGCFailedAllocation (Allocation Failure)
Event: 12.437 Executing VM operation: ParallelGCFailedAllocation (Allocation Failure) done
Event: 13.093 Executing VM operation: HandshakeAllThreads (Deoptimize)
Event: 13.093 Executing VM operation: HandshakeAllThreads (Deoptimize) done
Event: 13.098 Executing VM operation: HandshakeAllThreads (Deoptimize)
Event: 13.098 Executing VM operation: HandshakeAllThreads (Deoptimize) done
Event: 13.119 Executing VM operation: HandshakeAllThreads (Deoptimize)
Event: 13.119 Executing VM operation: HandshakeAllThreads (Deoptimize) done
Event: 13.119 Executing VM operation: HandshakeAllThreads (Deoptimize)
Event: 13.119 Executing VM operation: HandshakeAllThreads (Deoptimize) done
Event: 14.108 Executing VM operation: Cleanup
Event: 14.141 Executing VM operation: Cleanup done
Event: 14.211 Executing VM operation: ParallelGCFailedAllocation (Allocation Failure)
Event: 14.213 Executing VM operation: ParallelGCFailedAllocation (Allocation Failure) done
Event: 15.214 Executing VM operation: Cleanup

Memory protections (0 events):
No events

Nmethod flushes (0 events):
No events

Events (20 events):
Event: 10.185 Thread 0x000001a2a2d1e4b0 Thread added: 0x000001a2843d2050
Event: 10.339 Thread 0x000001a2a2d1e4b0 Thread added: 0x000001a2843cebd0
Event: 10.339 Thread 0x000001a2a2d1e4b0 Thread added: 0x000001a2843d26e0
Event: 10.342 Thread 0x000001a2fe2de490 Thread added: 0x000001a2843cf260
Event: 10.343 Thread 0x000001a2fe2de490 Thread added: 0x000001a2843d4e40
Event: 12.050 Thread 0x000001a2fd942d60 Thread exited: 0x000001a2fd942d60
Event: 12.050 Thread 0x000001a2fbcc70b0 Thread exited: 0x000001a2fbcc70b0
Event: 12.050 Thread 0x000001a2fd942690 Thread exited: 0x000001a2fd942690
Event: 12.050 Thread 0x000001a2fd943b00 Thread exited: 0x000001a2fd943b00
Event: 12.050 Thread 0x000001a2fd941fc0 Thread exited: 0x000001a2fd941fc0
Event: 12.409 Thread 0x000001a2a2dd7f30 Thread added: 0x000001a2fe711c80
Event: 12.474 Thread 0x000001a2a2ddcb60 Thread added: 0x000001a2fe710810
Event: 12.475 Thread 0x000001a2fe710810 Thread added: 0x000001a2fe710ee0
Event: 12.477 Thread 0x000001a2fe710810 Thread added: 0x000001a2fe7115b0
Event: 12.949 Thread 0x000001a2fe7115b0 Thread exited: 0x000001a2fe7115b0
Event: 13.031 Thread 0x000001a2843d26e0 Thread added: 0x000001a2843d4120
Event: 13.135 Thread 0x000001a2a2dd7f30 Thread added: 0x000001a2fe7115b0
Event: 13.138 Thread 0x000001a2fe7115b0 Thread added: 0x000001a2fdf78360
Event: 14.219 Thread 0x000001a2fe7115b0 Thread added: 0x000001a2fdf78a30
Event: 14.293 Thread 0x000001a2fda013b0 Thread exited: 0x000001a2fda013b0


Dynamic libraries:
0x00007ff6f8720000 - 0x00007ff6f872e000 	c:\Users\User\.vscode\extensions\redhat.java-1.43.1-win32-x64\jre\21.0.7-win32-x86_64\bin\java.exe
0x00007ffb76a00000 - 0x00007ffb76c65000 	C:\WINDOWS\SYSTEM32\ntdll.dll
0x00007ffb74770000 - 0x00007ffb74839000 	C:\WINDOWS\System32\KERNEL32.DLL
0x00007ffb73e20000 - 0x00007ffb74208000 	C:\WINDOWS\System32\KERNELBASE.dll
0x00007ffb74620000 - 0x00007ffb7476b000 	C:\WINDOWS\System32\ucrtbase.dll
0x00007ffb47070000 - 0x00007ffb4708e000 	c:\Users\User\.vscode\extensions\redhat.java-1.43.1-win32-x64\jre\21.0.7-win32-x86_64\bin\VCRUNTIME140.dll
0x00007ffb38ca0000 - 0x00007ffb38cb8000 	c:\Users\User\.vscode\extensions\redhat.java-1.43.1-win32-x64\jre\21.0.7-win32-x86_64\bin\jli.dll
0x00007ffb74a50000 - 0x00007ffb74c1a000 	C:\WINDOWS\System32\USER32.dll
0x00007ffb59760000 - 0x00007ffb599fa000 	C:\WINDOWS\WinSxS\amd64_microsoft.windows.common-controls_6595b64144ccf1df_6.0.26100.4202_none_3e0698d4e335f517\COMCTL32.dll
0x00007ffb750c0000 - 0x00007ffb75169000 	C:\WINDOWS\System32\msvcrt.dll
0x00007ffb752d0000 - 0x00007ffb752fb000 	C:\WINDOWS\System32\GDI32.dll
0x00007ffb744a0000 - 0x00007ffb744c7000 	C:\WINDOWS\System32\win32u.dll
0x00007ffb742a0000 - 0x00007ffb743d7000 	C:\WINDOWS\System32\gdi32full.dll
0x00007ffb74570000 - 0x00007ffb74613000 	C:\WINDOWS\System32\msvcp_win.dll
0x00007ffb76610000 - 0x00007ffb76640000 	C:\WINDOWS\System32\IMM32.DLL
0x00007ffb5c9b0000 - 0x00007ffb5c9bc000 	c:\Users\User\.vscode\extensions\redhat.java-1.43.1-win32-x64\jre\21.0.7-win32-x86_64\bin\vcruntime140_1.dll
0x00007ffb2a250000 - 0x00007ffb2a2dd000 	c:\Users\User\.vscode\extensions\redhat.java-1.43.1-win32-x64\jre\21.0.7-win32-x86_64\bin\msvcp140.dll
0x00007ffac5970000 - 0x00007ffac6700000 	c:\Users\User\.vscode\extensions\redhat.java-1.43.1-win32-x64\jre\21.0.7-win32-x86_64\bin\server\jvm.dll
0x00007ffb75210000 - 0x00007ffb752c3000 	C:\WINDOWS\System32\ADVAPI32.dll
0x00007ffb767a0000 - 0x00007ffb76846000 	C:\WINDOWS\System32\sechost.dll
0x00007ffb748b0000 - 0x00007ffb749c5000 	C:\WINDOWS\System32\RPCRT4.dll
0x00007ffb761f0000 - 0x00007ffb76264000 	C:\WINDOWS\System32\WS2_32.dll
0x00007ffb6b8a0000 - 0x00007ffb6b8ab000 	C:\WINDOWS\SYSTEM32\VERSION.dll
0x00007ffb72700000 - 0x00007ffb7275e000 	C:\WINDOWS\SYSTEM32\POWRPROF.dll
0x00007ffb681e0000 - 0x00007ffb68215000 	C:\WINDOWS\SYSTEM32\WINMM.dll
0x00007ffb726e0000 - 0x00007ffb726f4000 	C:\WINDOWS\SYSTEM32\UMPDC.dll
0x00007ffb729c0000 - 0x00007ffb729db000 	C:\WINDOWS\SYSTEM32\kernel.appcore.dll
0x00007ffb57450000 - 0x00007ffb5745a000 	c:\Users\User\.vscode\extensions\redhat.java-1.43.1-win32-x64\jre\21.0.7-win32-x86_64\bin\jimage.dll
0x00007ffb711a0000 - 0x00007ffb713e1000 	C:\WINDOWS\SYSTEM32\DBGHELP.DLL
0x00007ffb75e60000 - 0x00007ffb761e5000 	C:\WINDOWS\System32\combase.dll
0x00007ffb75d70000 - 0x00007ffb75e51000 	C:\WINDOWS\System32\OLEAUT32.dll
0x00007ffb585b0000 - 0x00007ffb585e9000 	C:\WINDOWS\SYSTEM32\dbgcore.DLL
0x00007ffb744d0000 - 0x00007ffb74569000 	C:\WINDOWS\System32\bcryptPrimitives.dll
0x00007ffb57420000 - 0x00007ffb5742f000 	c:\Users\User\.vscode\extensions\redhat.java-1.43.1-win32-x64\jre\21.0.7-win32-x86_64\bin\instrument.dll
0x00007ffb38bf0000 - 0x00007ffb38c0f000 	c:\Users\User\.vscode\extensions\redhat.java-1.43.1-win32-x64\jre\21.0.7-win32-x86_64\bin\java.dll
0x00007ffb75620000 - 0x00007ffb75d62000 	C:\WINDOWS\System32\SHELL32.dll
0x00007ffb73ca0000 - 0x00007ffb73e14000 	C:\WINDOWS\System32\wintypes.dll
0x00007ffb71760000 - 0x00007ffb71fb8000 	C:\WINDOWS\SYSTEM32\windows.storage.dll
0x00007ffb766a0000 - 0x00007ffb76791000 	C:\WINDOWS\System32\SHCORE.dll
0x00007ffb74840000 - 0x00007ffb748aa000 	C:\WINDOWS\System32\shlwapi.dll
0x00007ffb73a30000 - 0x00007ffb73a5f000 	C:\WINDOWS\SYSTEM32\profapi.dll
0x00007ffb35cf0000 - 0x00007ffb35d08000 	c:\Users\User\.vscode\extensions\redhat.java-1.43.1-win32-x64\jre\21.0.7-win32-x86_64\bin\zip.dll
0x00007ffb500d0000 - 0x00007ffb500e0000 	C:\Users\User\.vscode\extensions\redhat.java-1.43.1-win32-x64\jre\21.0.7-win32-x86_64\bin\net.dll
0x00007ffb6cda0000 - 0x00007ffb6cebe000 	C:\WINDOWS\SYSTEM32\WINHTTP.dll
0x00007ffb72f10000 - 0x00007ffb72f7a000 	C:\WINDOWS\system32\mswsock.dll
0x00007ffb2d680000 - 0x00007ffb2d696000 	C:\Users\User\.vscode\extensions\redhat.java-1.43.1-win32-x64\jre\21.0.7-win32-x86_64\bin\nio.dll
0x00007ffb44720000 - 0x00007ffb44730000 	c:\Users\User\.vscode\extensions\redhat.java-1.43.1-win32-x64\jre\21.0.7-win32-x86_64\bin\verify.dll
0x00007ffb35600000 - 0x00007ffb35645000 	C:\Users\User\AppData\Roaming\Code\User\globalStorage\redhat.java\1.43.1\config_ss_win\org.eclipse.equinox.launcher\org.eclipse.equinox.launcher.win32.win32.x86_64_1.2.1300.v20250331-1702\eclipse_11911.dll
0x00007ffb76270000 - 0x00007ffb7640e000 	C:\WINDOWS\System32\ole32.dll
0x00007ffb732f0000 - 0x00007ffb7330b000 	C:\WINDOWS\SYSTEM32\CRYPTSP.dll
0x00007ffb72920000 - 0x00007ffb7295a000 	C:\WINDOWS\system32\rsaenh.dll
0x00007ffb72fb0000 - 0x00007ffb72fdb000 	C:\WINDOWS\SYSTEM32\USERENV.dll
0x00007ffb73a00000 - 0x00007ffb73a26000 	C:\WINDOWS\SYSTEM32\bcrypt.dll
0x00007ffb73150000 - 0x00007ffb7315c000 	C:\WINDOWS\SYSTEM32\CRYPTBASE.dll
0x00007ffb72390000 - 0x00007ffb723c3000 	C:\WINDOWS\SYSTEM32\IPHLPAPI.DLL
0x00007ffb76980000 - 0x00007ffb7698a000 	C:\WINDOWS\System32\NSI.dll
0x00007ffb2a480000 - 0x00007ffb2a4c9000 	C:\Users\User\AppData\Local\Temp\jna-2645995\jna17022493587523945419.dll
0x00007ffb76420000 - 0x00007ffb76428000 	C:\WINDOWS\System32\PSAPI.DLL
0x00007ffb6cff0000 - 0x00007ffb6d00f000 	C:\WINDOWS\SYSTEM32\dhcpcsvc6.DLL
0x00007ffb6cfc0000 - 0x00007ffb6cfe5000 	C:\WINDOWS\SYSTEM32\dhcpcsvc.DLL

dbghelp: loaded successfully - version: 4.0.5 - missing functions: none
symbol engine: initialized successfully - sym options: 0x614 - pdb path: .;c:\Users\User\.vscode\extensions\redhat.java-1.43.1-win32-x64\jre\21.0.7-win32-x86_64\bin;C:\WINDOWS\SYSTEM32;C:\WINDOWS\WinSxS\amd64_microsoft.windows.common-controls_6595b64144ccf1df_6.0.26100.4202_none_3e0698d4e335f517;c:\Users\User\.vscode\extensions\redhat.java-1.43.1-win32-x64\jre\21.0.7-win32-x86_64\bin\server;C:\Users\User\AppData\Roaming\Code\User\globalStorage\redhat.java\1.43.1\config_ss_win\org.eclipse.equinox.launcher\org.eclipse.equinox.launcher.win32.win32.x86_64_1.2.1300.v20250331-1702;C:\Users\User\AppData\Local\Temp\jna-2645995

VM Arguments:
jvm_args: --add-modules=ALL-SYSTEM --add-opens=java.base/java.util=ALL-UNNAMED --add-opens=java.base/java.lang=ALL-UNNAMED --add-opens=java.base/sun.nio.fs=ALL-UNNAMED -Declipse.application=org.eclipse.jdt.ls.core.id1 -Dosgi.bundles.defaultStartLevel=4 -Declipse.product=org.eclipse.jdt.ls.core.product -Djava.import.generatesMetadataFilesAtProjectRoot=false -DDetectVMInstallationsJob.disabled=true -Dfile.encoding=utf8 -XX:+UseParallelGC -XX:GCTimeRatio=4 -XX:AdaptiveSizePolicyWeight=90 -Dsun.zip.disableMemoryMapping=true -Xmx2G -Xms100m -Xlog:disable -javaagent:c:\Users\User\.vscode\extensions\redhat.java-1.43.1-win32-x64\lombok\lombok-1.18.39-4050.jar 
java_command: c:\Users\User\.vscode\extensions\redhat.java-1.43.1-win32-x64\server\plugins\org.eclipse.equinox.launcher_1.7.0.v20250519-0528.jar -configuration c:\Users\User\AppData\Roaming\Code\User\globalStorage\redhat.java\1.43.1\config_ss_win -data c:\Users\User\AppData\Roaming\Code\User\workspaceStorage\8afd95045609ca15e4cb13ac2bb6c1ea\redhat.java\ss_ws --pipe=\\.\pipe\lsp-6a17ef220997d7ca175a7accfd599332-sock
java_class_path (initial): c:\Users\User\.vscode\extensions\redhat.java-1.43.1-win32-x64\server\plugins\org.eclipse.equinox.launcher_1.7.0.v20250519-0528.jar
Launcher Type: SUN_STANDARD

[Global flags]
    uintx AdaptiveSizePolicyWeight                 = 90                                        {product} {command line}
     intx CICompilerCount                          = 12                                        {product} {ergonomic}
    uintx GCTimeRatio                              = 4                                         {product} {command line}
   size_t InitialHeapSize                          = 104857600                                 {product} {command line}
   size_t MaxHeapSize                              = 2147483648                                {product} {command line}
   size_t MaxNewSize                               = 715653120                                 {product} {ergonomic}
   size_t MinHeapDeltaBytes                        = 524288                                    {product} {ergonomic}
   size_t MinHeapSize                              = 104857600                                 {product} {command line}
   size_t NewSize                                  = 34603008                                  {product} {ergonomic}
    uintx NonNMethodCodeHeapSize                   = 7602480                                {pd product} {ergonomic}
    uintx NonProfiledCodeHeapSize                  = 122027880                              {pd product} {ergonomic}
   size_t OldSize                                  = 70254592                                  {product} {ergonomic}
    uintx ProfiledCodeHeapSize                     = 122027880                              {pd product} {ergonomic}
    uintx ReservedCodeCacheSize                    = 251658240                              {pd product} {ergonomic}
     bool SegmentedCodeCache                       = true                                      {product} {ergonomic}
   size_t SoftMaxHeapSize                          = 2147483648                             {manageable} {ergonomic}
     bool UseCompressedOops                        = true                           {product lp64_product} {ergonomic}
     bool UseLargePagesIndividualAllocation        = false                                  {pd product} {ergonomic}
     bool UseParallelGC                            = true                                      {product} {command line}

Logging:
Log output configuration:
 #0: stdout all=off uptime,level,tags foldmultilines=false
 #1: stderr all=off uptime,level,tags foldmultilines=false

Environment Variables:
JAVA_HOME=C:\Program Files\Zulu\zulu-17
PATH=C:\Program Files\Zulu\zulu-17\bin;C:\Program Files\Common Files\Oracle\Java\javapath;C:\Program Files (x86)\Common Files\Oracle\Java\javapath;C:\WINDOWS\system32;C:\WINDOWS;C:\WINDOWS\System32\Wbem;C:\WINDOWS\System32\WindowsPowerShell\v1.0\;C:\WINDOWS\System32\OpenSSH\;C:\Program Files (x86)\NVIDIA Corporation\PhysX\Common;C:\Program Files\NVIDIA Corporation\NVIDIA NvDLISR;D:\flutter_windows_3.16.3-stable\flutter\bin;C:\Users\User\Downloads\winlibs-x86_64-posix-seh-gcc-13.2.0-llvm-17.0.5-mingw-w64ucrt-11.0.1-r3\mingw64\bin;C:\php-8.3.6;C:\ProgramData\chocolatey\bin;C:\Program Files (x86)\Java\jre1.8.0_251\bin;C:\Program Files\Git\cmd;C:\Program Files\dotnet\;C:\Program Files\Java\jdk-23\bin;C:\xampp\mysql\bin;C:\Program Files\MongoDB\Server\8.0\bin;C:\Program Files\OpenSSL-Win64\bin;C:\Program Files\nodejs\;C:\Users\User\miniconda3;C:\Users\User\miniconda3\Scripts;C:\Users\User\Desktop\apache-maven-3.9.9-bin\apache-maven-3.9.9\bin;C:\Program Files\OpenLogic\jdk-11.0.27.6-hotspot\bin;C:\Program Files\PostgreSQL\17\bin;C:\Users\User\AppData\Local\Microsoft\WindowsApps;C:\Users\User\AppData\Local\Programs\Microsoft VS Code\bin;C:\Users\User\AppData\Local\Coursier\data\bin;C:\Users\User\AppData\Local\GitHubDesktop\bin;D:\IntelliJ IDEA 2024.3\bin;;C:\Users\User\AppData\Roaming\npm;C:\Users\User\AppData\Local\Microsoft\WindowsApps;E:\flutter_pub_cache;
USERNAME=User
OS=Windows_NT
PROCESSOR_IDENTIFIER=Intel64 Family 6 Model 154 Stepping 3, GenuineIntel
TMP=C:\Users\User\AppData\Local\Temp
TEMP=C:\Users\User\AppData\Local\Temp




Periodic native trim disabled

---------------  S Y S T E M  ---------------

OS:
 Windows 11 , 64 bit Build 26100 (10.0.26100.4202)
OS uptime: 0 days 5:06 hours
Hyper-V role detected

CPU: total 16 (initial active 16) (8 cores per cpu, 2 threads per core) family 6 model 154 stepping 3 microcode 0x41c, cx8, cmov, fxsr, ht, mmx, 3dnowpref, sse, sse2, sse3, ssse3, sse4.1, sse4.2, popcnt, lzcnt, tsc, tscinvbit, avx, avx2, aes, erms, clmul, bmi1, bmi2, adx, sha, fma, vzeroupper, clflush, clflushopt, clwb, hv, serialize, rdtscp, rdpid, fsrm, f16c, cet_ibt, cet_ss
Processor Information for processor 0
  Max Mhz: 2300, Current Mhz: 2300, Mhz Limit: 2300
Processor Information for processor 1
  Max Mhz: 2300, Current Mhz: 2300, Mhz Limit: 2300
Processor Information for processor 2
  Max Mhz: 2300, Current Mhz: 2300, Mhz Limit: 2300
Processor Information for processor 3
  Max Mhz: 2300, Current Mhz: 2300, Mhz Limit: 2300
Processor Information for processor 4
  Max Mhz: 2300, Current Mhz: 2300, Mhz Limit: 2300
Processor Information for processor 5
  Max Mhz: 2300, Current Mhz: 2300, Mhz Limit: 2300
Processor Information for processor 6
  Max Mhz: 2300, Current Mhz: 2300, Mhz Limit: 2300
Processor Information for processor 7
  Max Mhz: 2300, Current Mhz: 2300, Mhz Limit: 2300
Processor Information for processor 8
  Max Mhz: 2300, Current Mhz: 2300, Mhz Limit: 2300
Processor Information for processor 9
  Max Mhz: 2300, Current Mhz: 2300, Mhz Limit: 2300
Processor Information for processor 10
  Max Mhz: 2300, Current Mhz: 2300, Mhz Limit: 2300
Processor Information for processor 11
  Max Mhz: 2300, Current Mhz: 2300, Mhz Limit: 2300
Processor Information for processor 12
  Max Mhz: 2300, Current Mhz: 1700, Mhz Limit: 1679
Processor Information for processor 13
  Max Mhz: 2300, Current Mhz: 1700, Mhz Limit: 1679
Processor Information for processor 14
  Max Mhz: 2300, Current Mhz: 1700, Mhz Limit: 1679
Processor Information for processor 15
  Max Mhz: 2300, Current Mhz: 1700, Mhz Limit: 1679

Memory: 4k page, system-wide physical 16006M (850M free)
TotalPageFile size 24198M (AvailPageFile size 5M)
current process WorkingSet (physical memory assigned to process): 167M, peak: 167M
current process commit charge ("private bytes"): 307M, peak: 308M

vm_info: OpenJDK 64-Bit Server VM (21.0.7+6-LTS) for windows-amd64 JRE (21.0.7+6-LTS), built on 2025-04-15T00:00:00Z by "admin" with MS VC++ 17.7 (VS2022)

END.
